<?xml version="1.0" encoding="UTF-8"?>
<!-- Generated by org.testng.reporters.JUnitReportReporter -->
<testsuite hostname="fv-az72-287" failures="0" tests="2" name="runner.TestRunner" time="10.936" errors="0" timestamp="2021-05-26T18:16:52 UTC" skipped="0">
  <testcase classname="runner.TestRunner" name="runScenario" time="9.781"/>
  <system-out/>
  <testcase classname="runner.TestRunner" name="runScenario" time="1.155"/>
  <system-out/>
</testsuite> <!-- runner.TestRunner -->
